<?xml version="1.0" encoding="UTF-8"?>
<testng-results ignored="0" total="0" passed="0" failed="0" skipped="0">
  <reporter-output>
  </reporter-output>
  <suite started-at="2022-10-20T01:30:44 PKT" name="maventest1" finished-at="2022-10-20T01:30:44 PKT" duration-ms="9">
    <groups>
    </groups>
    <test started-at="2022-10-20T01:30:44 PKT" name="Admin Test" finished-at="2022-10-20T01:30:44 PKT" duration-ms="9">
    </test> <!-- Admin Test -->
  </suite> <!-- maventest1 -->
</testng-results>
